E:\LINUX\FRAME_CPP\RATELFRAME\RATELFRAME\DEBUG\RATELFRAME.PCH
E:\LINUX\FRAME_CPP\RATELFRAME\RATELFRAME\DEBUG\STDAFX.OBJ
E:\LINUX\FRAME_CPP\RATELFRAME\RATELFRAME\DEBUG\VC110.PDB
E:\LINUX\FRAME_CPP\RATELFRAME\RATELFRAME\DEBUG\RATELFRAME.OBJ
E:\LINUX\FRAME_CPP\RATELFRAME\RATELFRAME\DEBUG\CONFIG.OBJ
E:\LINUX\FRAME_CPP\RATELFRAME\DEBUG\RATELFRAME.ILK
E:\LINUX\FRAME_CPP\RATELFRAME\DEBUG\RATELFRAME.EXE
E:\LINUX\FRAME_CPP\RATELFRAME\DEBUG\RATELFRAME.PDB
E:\Linux\frame_cpp\ratelframe\ratelframe\Debug\Config.obj
E:\Linux\frame_cpp\ratelframe\ratelframe\Debug\stdafx.obj
E:\Linux\frame_cpp\ratelframe\ratelframe\Debug\cl.command.1.tlog
E:\Linux\frame_cpp\ratelframe\ratelframe\Debug\CL.read.1.tlog
E:\Linux\frame_cpp\ratelframe\ratelframe\Debug\CL.write.1.tlog
E:\Linux\frame_cpp\ratelframe\ratelframe\Debug\link-cvtres.read.1.tlog
E:\Linux\frame_cpp\ratelframe\ratelframe\Debug\link-cvtres.write.1.tlog
E:\Linux\frame_cpp\ratelframe\ratelframe\Debug\link-rc.read.1.tlog
E:\Linux\frame_cpp\ratelframe\ratelframe\Debug\link-rc.write.1.tlog
E:\Linux\frame_cpp\ratelframe\ratelframe\Debug\link.12924-cvtres.read.1.tlog
E:\Linux\frame_cpp\ratelframe\ratelframe\Debug\link.12924-cvtres.write.1.tlog
E:\Linux\frame_cpp\ratelframe\ratelframe\Debug\link.12924-rc.read.1.tlog
E:\Linux\frame_cpp\ratelframe\ratelframe\Debug\link.12924-rc.write.1.tlog
E:\Linux\frame_cpp\ratelframe\ratelframe\Debug\link.12924.read.1.tlog
E:\Linux\frame_cpp\ratelframe\ratelframe\Debug\link.12924.write.1.tlog
E:\Linux\frame_cpp\ratelframe\ratelframe\Debug\link.command.1.tlog
E:\Linux\frame_cpp\ratelframe\ratelframe\Debug\link.read.1.tlog
E:\Linux\frame_cpp\ratelframe\ratelframe\Debug\link.write.1.tlog
E:\Linux\frame_cpp\ratelframe\ratelframe\Debug\ratelframe.pch
E:\Linux\frame_cpp\ratelframe\ratelframe\Debug\vc110.idb
E:\Linux\frame_cpp\ratelframe\ratelframe\Debug\vc110.pdb
E:\Linux\frame_cpp\ratelframe\Debug\ratelframe.pdb
E:\Linux\frame_cpp\ratelframe\Debug\ratelframe.exe
E:\Linux\frame_cpp\ratelframe\Debug\ratelframe.ilk
